
*** Running vivado
    with args -log CONTADOR_BCD_wrapper.vds -m64 -product Vivado -mode batch -messageDb vivado.pb -notrace -source CONTADOR_BCD_wrapper.tcl



****** Vivado v2020.1 (64-bit)
  **** SW Build 2902540 on Wed May 27 19:54:49 MDT 2020
  **** IP Build 2902112 on Wed May 27 22:43:36 MDT 2020
    ** Copyright 1986-2020 Xilinx, Inc. All Rights Reserved.

source CONTADOR_BCD_wrapper.tcl -notrace
INFO: [IP_Flow 19-234] Refreshing IP repositories
INFO: [IP_Flow 19-1704] No user IP repositories specified
INFO: [IP_Flow 19-2313] Loaded Vivado IP repository 'C:/Xilinx/Vivado/2020.1/data/ip'.
add_files: Time (s): cpu = 00:00:02 ; elapsed = 00:00:15 . Memory (MB): peak = 1018.750 ; gain = 0.000
Command: synth_design -top CONTADOR_BCD_wrapper -part xc7a35tcpg236-1
Starting synth_design
Attempting to get a license for feature 'Synthesis' and/or device 'xc7a35t'
INFO: [Common 17-349] Got license for feature 'Synthesis' and/or device 'xc7a35t'
INFO: [Device 21-403] Loading part xc7a35tcpg236-1
INFO: [Synth 8-7079] Multithreading enabled for synth_design using a maximum of 2 processes.
INFO: [Synth 8-7078] Launching helper process for spawning children vivado processes
INFO: [Synth 8-7075] Helper process launched with PID 7868
---------------------------------------------------------------------------------
Starting RTL Elaboration : Time (s): cpu = 00:00:10 ; elapsed = 00:00:13 . Memory (MB): peak = 1018.750 ; gain = 0.000
---------------------------------------------------------------------------------
INFO: [Synth 8-6157] synthesizing module 'CONTADOR_BCD_wrapper' [C:/Users/cristian/Semestral/Semestral.srcs/sources_1/bd/CONTADOR_BCD/hdl/CONTADOR_BCD_wrapper.v:12]
INFO: [Synth 8-638] synthesizing module 'CONTADOR_BCD' [C:/Users/cristian/Semestral/Semestral.srcs/sources_1/bd/CONTADOR_BCD/synth/CONTADOR_BCD.vhd:26]
INFO: [Synth 8-3491] module 'CONTADOR_BCD_COUNTER_E_0_0' declared at 'C:/Users/cristian/Semestral/Semestral.runs/synth_1/.Xil/Vivado-23812-DESKTOP-BHAR2FI/realtime/CONTADOR_BCD_COUNTER_E_0_0_stub.vhdl:5' bound to instance 'COUNTER_E_0' of component 'CONTADOR_BCD_COUNTER_E_0_0' [C:/Users/cristian/Semestral/Semestral.srcs/sources_1/bd/CONTADOR_BCD/synth/CONTADOR_BCD.vhd:62]
INFO: [Synth 8-638] synthesizing module 'CONTADOR_BCD_COUNTER_E_0_0' [C:/Users/cristian/Semestral/Semestral.runs/synth_1/.Xil/Vivado-23812-DESKTOP-BHAR2FI/realtime/CONTADOR_BCD_COUNTER_E_0_0_stub.vhdl:13]
INFO: [Synth 8-3491] module 'CONTADOR_BCD_DEC1_BINARIO_SSD_0_0' declared at 'C:/Users/cristian/Semestral/Semestral.runs/synth_1/.Xil/Vivado-23812-DESKTOP-BHAR2FI/realtime/CONTADOR_BCD_DEC1_BINARIO_SSD_0_0_stub.vhdl:5' bound to instance 'DEC1_BINARIO_SSD_0' of component 'CONTADOR_BCD_DEC1_BINARIO_SSD_0_0' [C:/Users/cristian/Semestral/Semestral.srcs/sources_1/bd/CONTADOR_BCD/synth/CONTADOR_BCD.vhd:67]
INFO: [Synth 8-638] synthesizing module 'CONTADOR_BCD_DEC1_BINARIO_SSD_0_0' [C:/Users/cristian/Semestral/Semestral.runs/synth_1/.Xil/Vivado-23812-DESKTOP-BHAR2FI/realtime/CONTADOR_BCD_DEC1_BINARIO_SSD_0_0_stub.vhdl:14]
INFO: [Synth 8-3491] module 'CONTADOR_BCD_DEMUX_0_0' declared at 'C:/Users/cristian/Semestral/Semestral.runs/synth_1/.Xil/Vivado-23812-DESKTOP-BHAR2FI/realtime/CONTADOR_BCD_DEMUX_0_0_stub.vhdl:5' bound to instance 'DEMUX_0' of component 'CONTADOR_BCD_DEMUX_0_0' [C:/Users/cristian/Semestral/Semestral.srcs/sources_1/bd/CONTADOR_BCD/synth/CONTADOR_BCD.vhd:73]
INFO: [Synth 8-638] synthesizing module 'CONTADOR_BCD_DEMUX_0_0' [C:/Users/cristian/Semestral/Semestral.runs/synth_1/.Xil/Vivado-23812-DESKTOP-BHAR2FI/realtime/CONTADOR_BCD_DEMUX_0_0_stub.vhdl:13]
INFO: [Synth 8-3491] module 'CONTADOR_BCD_DIV1HZ_0_0' declared at 'C:/Users/cristian/Semestral/Semestral.runs/synth_1/.Xil/Vivado-23812-DESKTOP-BHAR2FI/realtime/CONTADOR_BCD_DIV1HZ_0_0_stub.vhdl:5' bound to instance 'DIV1HZ_0' of component 'CONTADOR_BCD_DIV1HZ_0_0' [C:/Users/cristian/Semestral/Semestral.srcs/sources_1/bd/CONTADOR_BCD/synth/CONTADOR_BCD.vhd:78]
INFO: [Synth 8-638] synthesizing module 'CONTADOR_BCD_DIV1HZ_0_0' [C:/Users/cristian/Semestral/Semestral.runs/synth_1/.Xil/Vivado-23812-DESKTOP-BHAR2FI/realtime/CONTADOR_BCD_DIV1HZ_0_0_stub.vhdl:13]
INFO: [Synth 8-256] done synthesizing module 'CONTADOR_BCD' (1#1) [C:/Users/cristian/Semestral/Semestral.srcs/sources_1/bd/CONTADOR_BCD/synth/CONTADOR_BCD.vhd:26]
INFO: [Synth 8-6155] done synthesizing module 'CONTADOR_BCD_wrapper' (2#1) [C:/Users/cristian/Semestral/Semestral.srcs/sources_1/bd/CONTADOR_BCD/hdl/CONTADOR_BCD_wrapper.v:12]
---------------------------------------------------------------------------------
Finished RTL Elaboration : Time (s): cpu = 00:00:13 ; elapsed = 00:00:16 . Memory (MB): peak = 1018.750 ; gain = 0.000
---------------------------------------------------------------------------------
---------------------------------------------------------------------------------
Start Handling Custom Attributes
---------------------------------------------------------------------------------
---------------------------------------------------------------------------------
Finished Handling Custom Attributes : Time (s): cpu = 00:00:14 ; elapsed = 00:00:18 . Memory (MB): peak = 1018.750 ; gain = 0.000
---------------------------------------------------------------------------------
---------------------------------------------------------------------------------
Finished RTL Optimization Phase 1 : Time (s): cpu = 00:00:14 ; elapsed = 00:00:18 . Memory (MB): peak = 1018.750 ; gain = 0.000
---------------------------------------------------------------------------------
Netlist sorting complete. Time (s): cpu = 00:00:00 ; elapsed = 00:00:00 . Memory (MB): peak = 1018.750 ; gain = 0.000
INFO: [Project 1-570] Preparing netlist for logic optimization

Processing XDC Constraints
Initializing timing engine
Parsing XDC File [c:/Users/cristian/Semestral/Semestral.srcs/sources_1/bd/CONTADOR_BCD/ip/CONTADOR_BCD_COUNTER_E_0_0/CONTADOR_BCD_COUNTER_E_0_0/CONTADOR_BCD_COUNTER_E_0_0_in_context.xdc] for cell 'CONTADOR_BCD_i/COUNTER_E_0'
Finished Parsing XDC File [c:/Users/cristian/Semestral/Semestral.srcs/sources_1/bd/CONTADOR_BCD/ip/CONTADOR_BCD_COUNTER_E_0_0/CONTADOR_BCD_COUNTER_E_0_0/CONTADOR_BCD_COUNTER_E_0_0_in_context.xdc] for cell 'CONTADOR_BCD_i/COUNTER_E_0'
Parsing XDC File [c:/Users/cristian/Semestral/Semestral.srcs/sources_1/bd/CONTADOR_BCD/ip/CONTADOR_BCD_DIV1HZ_0_0/CONTADOR_BCD_DIV1HZ_0_0/CONTADOR_BCD_DIV1HZ_0_0_in_context.xdc] for cell 'CONTADOR_BCD_i/DIV1HZ_0'
Finished Parsing XDC File [c:/Users/cristian/Semestral/Semestral.srcs/sources_1/bd/CONTADOR_BCD/ip/CONTADOR_BCD_DIV1HZ_0_0/CONTADOR_BCD_DIV1HZ_0_0/CONTADOR_BCD_DIV1HZ_0_0_in_context.xdc] for cell 'CONTADOR_BCD_i/DIV1HZ_0'
Parsing XDC File [c:/Users/cristian/Semestral/Semestral.srcs/sources_1/bd/CONTADOR_BCD/ip/CONTADOR_BCD_DEC1_BINARIO_SSD_0_0/CONTADOR_BCD_DEC1_BINARIO_SSD_0_0/CONTADOR_BCD_DEC1_BINARIO_SSD_0_0_in_context.xdc] for cell 'CONTADOR_BCD_i/DEC1_BINARIO_SSD_0'
Finished Parsing XDC File [c:/Users/cristian/Semestral/Semestral.srcs/sources_1/bd/CONTADOR_BCD/ip/CONTADOR_BCD_DEC1_BINARIO_SSD_0_0/CONTADOR_BCD_DEC1_BINARIO_SSD_0_0/CONTADOR_BCD_DEC1_BINARIO_SSD_0_0_in_context.xdc] for cell 'CONTADOR_BCD_i/DEC1_BINARIO_SSD_0'
Parsing XDC File [c:/Users/cristian/Semestral/Semestral.srcs/sources_1/bd/CONTADOR_BCD/ip/CONTADOR_BCD_DEMUX_0_0/CONTADOR_BCD_DEMUX_0_0/CONTADOR_BCD_DEMUX_0_0_in_context.xdc] for cell 'CONTADOR_BCD_i/DEMUX_0'
Finished Parsing XDC File [c:/Users/cristian/Semestral/Semestral.srcs/sources_1/bd/CONTADOR_BCD/ip/CONTADOR_BCD_DEMUX_0_0/CONTADOR_BCD_DEMUX_0_0/CONTADOR_BCD_DEMUX_0_0_in_context.xdc] for cell 'CONTADOR_BCD_i/DEMUX_0'
Parsing XDC File [C:/Users/cristian/Semestral/Semestral.srcs/constrs_1/new/ConstraintsBCD.xdc]
Finished Parsing XDC File [C:/Users/cristian/Semestral/Semestral.srcs/constrs_1/new/ConstraintsBCD.xdc]
INFO: [Project 1-236] Implementation specific constraints were found while reading constraint file [C:/Users/cristian/Semestral/Semestral.srcs/constrs_1/new/ConstraintsBCD.xdc]. These constraints will be ignored for synthesis but will be used in implementation. Impacted constraints are listed in the file [.Xil/CONTADOR_BCD_wrapper_propImpl.xdc].
Resolution: To avoid this warning, move constraints listed in [.Xil/CONTADOR_BCD_wrapper_propImpl.xdc] to another XDC file and exclude this new file from synthesis with the used_in_synthesis property (File Properties dialog in GUI) and re-run elaboration/synthesis.
Parsing XDC File [C:/Users/cristian/Semestral/Semestral.runs/synth_1/dont_touch.xdc]
Finished Parsing XDC File [C:/Users/cristian/Semestral/Semestral.runs/synth_1/dont_touch.xdc]
Completed Processing XDC Constraints

Netlist sorting complete. Time (s): cpu = 00:00:00 ; elapsed = 00:00:00 . Memory (MB): peak = 1018.750 ; gain = 0.000
INFO: [Project 1-111] Unisim Transformation Summary:
No Unisim elements were transformed.

Constraint Validation Runtime : Time (s): cpu = 00:00:00 ; elapsed = 00:00:00.008 . Memory (MB): peak = 1018.750 ; gain = 0.000
---------------------------------------------------------------------------------
Finished Constraint Validation : Time (s): cpu = 00:00:31 ; elapsed = 00:00:37 . Memory (MB): peak = 1018.750 ; gain = 0.000
---------------------------------------------------------------------------------
---------------------------------------------------------------------------------
Start Loading Part and Timing Information
---------------------------------------------------------------------------------
Loading part: xc7a35tcpg236-1
---------------------------------------------------------------------------------
Finished Loading Part and Timing Information : Time (s): cpu = 00:00:31 ; elapsed = 00:00:37 . Memory (MB): peak = 1018.750 ; gain = 0.000
---------------------------------------------------------------------------------
---------------------------------------------------------------------------------
Start Applying 'set_property' XDC Constraints
---------------------------------------------------------------------------------
Applied set_property DONT_TOUCH = true for CONTADOR_BCD_i. (constraint file  auto generated constraint, line ).
Applied set_property DONT_TOUCH = true for CONTADOR_BCD_i/COUNTER_E_0. (constraint file  auto generated constraint, line ).
Applied set_property DONT_TOUCH = true for CONTADOR_BCD_i/DIV1HZ_0. (constraint file  auto generated constraint, line ).
Applied set_property DONT_TOUCH = true for CONTADOR_BCD_i/DEC1_BINARIO_SSD_0. (constraint file  auto generated constraint, line ).
Applied set_property DONT_TOUCH = true for CONTADOR_BCD_i/DEMUX_0. (constraint file  auto generated constraint, line ).
---------------------------------------------------------------------------------
Finished applying 'set_property' XDC Constraints : Time (s): cpu = 00:00:31 ; elapsed = 00:00:38 . Memory (MB): peak = 1018.750 ; gain = 0.000
---------------------------------------------------------------------------------
---------------------------------------------------------------------------------
Finished RTL Optimization Phase 2 : Time (s): cpu = 00:00:32 ; elapsed = 00:00:38 . Memory (MB): peak = 1018.750 ; gain = 0.000
---------------------------------------------------------------------------------
---------------------------------------------------------------------------------
Start RTL Component Statistics 
---------------------------------------------------------------------------------
Detailed RTL Component Info : 
---------------------------------------------------------------------------------
Finished RTL Component Statistics 
---------------------------------------------------------------------------------
---------------------------------------------------------------------------------
Start Part Resource Summary
---------------------------------------------------------------------------------
Part Resources:
DSPs: 90 (col length:60)
BRAMs: 100 (col length: RAMB18 60 RAMB36 30)
---------------------------------------------------------------------------------
Finished Part Resource Summary
---------------------------------------------------------------------------------
---------------------------------------------------------------------------------
Start Cross Boundary and Area Optimization
---------------------------------------------------------------------------------
---------------------------------------------------------------------------------
Finished Cross Boundary and Area Optimization : Time (s): cpu = 00:00:36 ; elapsed = 00:00:43 . Memory (MB): peak = 1018.750 ; gain = 0.000
---------------------------------------------------------------------------------
---------------------------------------------------------------------------------
Start Applying XDC Timing Constraints
---------------------------------------------------------------------------------
---------------------------------------------------------------------------------
Finished Applying XDC Timing Constraints : Time (s): cpu = 00:00:55 ; elapsed = 00:01:04 . Memory (MB): peak = 1018.750 ; gain = 0.000
---------------------------------------------------------------------------------
---------------------------------------------------------------------------------
Start Timing Optimization
---------------------------------------------------------------------------------
---------------------------------------------------------------------------------
Finished Timing Optimization : Time (s): cpu = 00:00:55 ; elapsed = 00:01:04 . Memory (MB): peak = 1018.750 ; gain = 0.000
---------------------------------------------------------------------------------
---------------------------------------------------------------------------------
Start Technology Mapping
---------------------------------------------------------------------------------
---------------------------------------------------------------------------------
Finished Technology Mapping : Time (s): cpu = 00:00:55 ; elapsed = 00:01:04 . Memory (MB): peak = 1018.750 ; gain = 0.000
---------------------------------------------------------------------------------
---------------------------------------------------------------------------------
Start IO Insertion
---------------------------------------------------------------------------------
---------------------------------------------------------------------------------
Start Flattening Before IO Insertion
---------------------------------------------------------------------------------
---------------------------------------------------------------------------------
Finished Flattening Before IO Insertion
---------------------------------------------------------------------------------
---------------------------------------------------------------------------------
Start Final Netlist Cleanup
---------------------------------------------------------------------------------
---------------------------------------------------------------------------------
Finished Final Netlist Cleanup
---------------------------------------------------------------------------------
---------------------------------------------------------------------------------
Finished IO Insertion : Time (s): cpu = 00:01:06 ; elapsed = 00:01:17 . Memory (MB): peak = 1018.750 ; gain = 0.000
---------------------------------------------------------------------------------
---------------------------------------------------------------------------------
Start Renaming Generated Instances
---------------------------------------------------------------------------------
---------------------------------------------------------------------------------
Finished Renaming Generated Instances : Time (s): cpu = 00:01:06 ; elapsed = 00:01:17 . Memory (MB): peak = 1018.750 ; gain = 0.000
---------------------------------------------------------------------------------
---------------------------------------------------------------------------------
Start Rebuilding User Hierarchy
---------------------------------------------------------------------------------
---------------------------------------------------------------------------------
Finished Rebuilding User Hierarchy : Time (s): cpu = 00:01:06 ; elapsed = 00:01:17 . Memory (MB): peak = 1018.750 ; gain = 0.000
---------------------------------------------------------------------------------
---------------------------------------------------------------------------------
Start Renaming Generated Ports
---------------------------------------------------------------------------------
---------------------------------------------------------------------------------
Finished Renaming Generated Ports : Time (s): cpu = 00:01:06 ; elapsed = 00:01:17 . Memory (MB): peak = 1018.750 ; gain = 0.000
---------------------------------------------------------------------------------
---------------------------------------------------------------------------------
Start Handling Custom Attributes
---------------------------------------------------------------------------------
---------------------------------------------------------------------------------
Finished Handling Custom Attributes : Time (s): cpu = 00:01:06 ; elapsed = 00:01:17 . Memory (MB): peak = 1018.750 ; gain = 0.000
---------------------------------------------------------------------------------
---------------------------------------------------------------------------------
Start Renaming Generated Nets
---------------------------------------------------------------------------------
---------------------------------------------------------------------------------
Finished Renaming Generated Nets : Time (s): cpu = 00:01:06 ; elapsed = 00:01:17 . Memory (MB): peak = 1018.750 ; gain = 0.000
---------------------------------------------------------------------------------
---------------------------------------------------------------------------------
Start Writing Synthesis Report
---------------------------------------------------------------------------------

Report BlackBoxes: 
+------+----------------------------------+----------+
|      |BlackBox name                     |Instances |
+------+----------------------------------+----------+
|1     |CONTADOR_BCD_COUNTER_E_0_0        |         1|
|2     |CONTADOR_BCD_DEC1_BINARIO_SSD_0_0 |         1|
|3     |CONTADOR_BCD_DEMUX_0_0            |         1|
|4     |CONTADOR_BCD_DIV1HZ_0_0           |         1|
+------+----------------------------------+----------+

Report Cell Usage: 
+------+---------------------------------------+------+
|      |Cell                                   |Count |
+------+---------------------------------------+------+
|1     |CONTADOR_BCD_COUNTER_E_0_0_bbox        |     1|
|2     |CONTADOR_BCD_DEC1_BINARIO_SSD_0_0_bbox |     1|
|3     |CONTADOR_BCD_DEMUX_0_0_bbox            |     1|
|4     |CONTADOR_BCD_DIV1HZ_0_0_bbox           |     1|
|5     |IBUF                                   |     3|
|6     |OBUF                                   |     8|
+------+---------------------------------------+------+
---------------------------------------------------------------------------------
Finished Writing Synthesis Report : Time (s): cpu = 00:01:06 ; elapsed = 00:01:17 . Memory (MB): peak = 1018.750 ; gain = 0.000
---------------------------------------------------------------------------------
Synthesis finished with 0 errors, 0 critical warnings and 0 warnings.
Synthesis Optimization Runtime : Time (s): cpu = 00:00:46 ; elapsed = 00:01:11 . Memory (MB): peak = 1018.750 ; gain = 0.000
Synthesis Optimization Complete : Time (s): cpu = 00:01:06 ; elapsed = 00:01:17 . Memory (MB): peak = 1018.750 ; gain = 0.000
INFO: [Project 1-571] Translating synthesized netlist
Netlist sorting complete. Time (s): cpu = 00:00:00 ; elapsed = 00:00:00 . Memory (MB): peak = 1018.750 ; gain = 0.000
INFO: [Project 1-570] Preparing netlist for logic optimization
INFO: [Opt 31-138] Pushed 0 inverter(s) to 0 load pin(s).
Netlist sorting complete. Time (s): cpu = 00:00:00 ; elapsed = 00:00:00 . Memory (MB): peak = 1018.750 ; gain = 0.000
INFO: [Project 1-111] Unisim Transformation Summary:
No Unisim elements were transformed.

INFO: [Common 17-83] Releasing license: Synthesis
28 Infos, 0 Warnings, 0 Critical Warnings and 0 Errors encountered.
synth_design completed successfully
synth_design: Time (s): cpu = 00:01:18 ; elapsed = 00:01:39 . Memory (MB): peak = 1018.750 ; gain = 0.000
INFO: [Common 17-1381] The checkpoint 'C:/Users/cristian/Semestral/Semestral.runs/synth_1/CONTADOR_BCD_wrapper.dcp' has been generated.
INFO: [runtcl-4] Executing : report_utilization -file CONTADOR_BCD_wrapper_utilization_synth.rpt -pb CONTADOR_BCD_wrapper_utilization_synth.pb
INFO: [Common 17-206] Exiting Vivado at Tue Dec  1 21:55:49 2020...
