#-----------------------------------------------------------
# Vivado v2020.1 (64-bit)
# SW Build 2902540 on Wed May 27 19:54:49 MDT 2020
# IP Build 2902112 on Wed May 27 22:43:36 MDT 2020
# Start of session at: Tue Dec  8 09:02:14 2020
# Process ID: 17776
# Current directory: C:/Users/cristian/Documents/GitHub/Vivado/Semestral
# Command line: vivado.exe -gui_launcher_event rodinguilauncherevent3868 C:\Users\cristian\Documents\GitHub\Vivado\Semestral\Semestral.xpr
# Log file: C:/Users/cristian/Documents/GitHub/Vivado/Semestral/vivado.log
# Journal file: C:/Users/cristian/Documents/GitHub/Vivado/Semestral\vivado.jou
#-----------------------------------------------------------
start_gui
open_project C:/Users/cristian/Documents/GitHub/Vivado/Semestral/Semestral.xpr
INFO: [Project 1-313] Project file moved from 'C:/Users/cristian/Semestral' since last save.
Scanning sources...
Finished scanning sources
INFO: [IP_Flow 19-234] Refreshing IP repositories
INFO: [IP_Flow 19-1704] No user IP repositories specified
INFO: [IP_Flow 19-2313] Loaded Vivado IP repository 'C:/Xilinx/Vivado/2020.1/data/ip'.
open_project: Time (s): cpu = 00:00:51 ; elapsed = 00:00:22 . Memory (MB): peak = 1022.223 ; gain = 0.000
update_compile_order -fileset sources_1
open_bd_design {C:/Users/cristian/Documents/GitHub/Vivado/Semestral/Semestral.srcs/sources_1/bd/CONTADOR_BCD/CONTADOR_BCD.bd}
Adding component instance block -- xilinx.com:module_ref:COUNTER_E:1.0 - COUNTER_E_0
Adding component instance block -- xilinx.com:module_ref:DIV1HZ:1.0 - DIV1HZ_0
Adding component instance block -- xilinx.com:module_ref:DEC1_BINARIO_SSD:1.0 - DEC1_BINARIO_SSD_0
Adding component instance block -- xilinx.com:module_ref:DEMUX:1.0 - DEMUX_0
Successfully read diagram <CONTADOR_BCD> from BD file <C:/Users/cristian/Documents/GitHub/Vivado/Semestral/Semestral.srcs/sources_1/bd/CONTADOR_BCD/CONTADOR_BCD.bd>
open_bd_design: Time (s): cpu = 00:00:11 ; elapsed = 00:00:09 . Memory (MB): peak = 1022.223 ; gain = 0.000
exit
INFO: [Common 17-206] Exiting Vivado at Tue Dec  8 09:21:40 2020...
